Performing C SOURCE FILE Test CMAKE_HAVE_LIBC_PTHREAD failed with the following output:
Change Dir: /jetson-inference/yolov5-deepsort-tensorrt/build/CMakeFiles/CMakeTmp

Run Build Command(s):/usr/bin/make -f Makefile cmTC_f7817/fast && /usr/bin/make  -f CMakeFiles/cmTC_f7817.dir/build.make CMakeFiles/cmTC_f7817.dir/build
make[1]: Entering directory '/jetson-inference/yolov5-deepsort-tensorrt/build/CMakeFiles/CMakeTmp'
Building C object CMakeFiles/cmTC_f7817.dir/src.c.o
/usr/bin/cc -DCMAKE_HAVE_LIBC_PTHREAD  -fPIC  -o CMakeFiles/cmTC_f7817.dir/src.c.o -c /jetson-inference/yolov5-deepsort-tensorrt/build/CMakeFiles/CMakeTmp/src.c
Linking C executable cmTC_f7817
/usr/bin/cmake -E cmake_link_script CMakeFiles/cmTC_f7817.dir/link.txt --verbose=1
/usr/bin/cc -fPIC  -rdynamic CMakeFiles/cmTC_f7817.dir/src.c.o -o cmTC_f7817 
CMakeFiles/cmTC_f7817.dir/src.c.o: In function `main':
src.c:(.text+0x48): undefined reference to `pthread_create'
src.c:(.text+0x50): undefined reference to `pthread_detach'
src.c:(.text+0x58): undefined reference to `pthread_cancel'
src.c:(.text+0x64): undefined reference to `pthread_join'
src.c:(.text+0x74): undefined reference to `pthread_atfork'
collect2: error: ld returned 1 exit status
CMakeFiles/cmTC_f7817.dir/build.make:98: recipe for target 'cmTC_f7817' failed
make[1]: *** [cmTC_f7817] Error 1
make[1]: Leaving directory '/jetson-inference/yolov5-deepsort-tensorrt/build/CMakeFiles/CMakeTmp'
Makefile:127: recipe for target 'cmTC_f7817/fast' failed
make: *** [cmTC_f7817/fast] Error 2


Source file was:
#include <pthread.h>

static void* test_func(void* data)
{
  return data;
}

int main(void)
{
  pthread_t thread;
  pthread_create(&thread, NULL, test_func, NULL);
  pthread_detach(thread);
  pthread_cancel(thread);
  pthread_join(thread, NULL);
  pthread_atfork(NULL, NULL, NULL);
  pthread_exit(NULL);

  return 0;
}

Determining if the function pthread_create exists in the pthreads failed with the following output:
Change Dir: /jetson-inference/yolov5-deepsort-tensorrt/build/CMakeFiles/CMakeTmp

Run Build Command(s):/usr/bin/make -f Makefile cmTC_83899/fast && /usr/bin/make  -f CMakeFiles/cmTC_83899.dir/build.make CMakeFiles/cmTC_83899.dir/build
make[1]: Entering directory '/jetson-inference/yolov5-deepsort-tensorrt/build/CMakeFiles/CMakeTmp'
Building C object CMakeFiles/cmTC_83899.dir/CheckFunctionExists.c.o
/usr/bin/cc   -fPIC -DCHECK_FUNCTION_EXISTS=pthread_create -o CMakeFiles/cmTC_83899.dir/CheckFunctionExists.c.o -c /usr/share/cmake-3.22/Modules/CheckFunctionExists.c
Linking C executable cmTC_83899
/usr/bin/cmake -E cmake_link_script CMakeFiles/cmTC_83899.dir/link.txt --verbose=1
/usr/bin/cc -fPIC -DCHECK_FUNCTION_EXISTS=pthread_create -rdynamic CMakeFiles/cmTC_83899.dir/CheckFunctionExists.c.o -o cmTC_83899  -lpthreads 
/usr/bin/ld: cannot find -lpthreads
collect2: error: ld returned 1 exit status
CMakeFiles/cmTC_83899.dir/build.make:98: recipe for target 'cmTC_83899' failed
make[1]: *** [cmTC_83899] Error 1
make[1]: Leaving directory '/jetson-inference/yolov5-deepsort-tensorrt/build/CMakeFiles/CMakeTmp'
Makefile:127: recipe for target 'cmTC_83899/fast' failed
make: *** [cmTC_83899/fast] Error 2



